TN:
SF:src\app.js
FNF:0
FNH:0
DA:13,1
DA:15,1
DA:16,1
DA:17,1
DA:21,1
DA:30,1
DA:38,1
DA:39,1
DA:40,1
DA:43,1
DA:44,1
DA:45,1
DA:48,1
DA:51,1
DA:52,1
DA:54,1
DA:55,1
LF:17
LH:17
BRDA:17,0,0,1
BRDA:17,0,1,0
BRDA:21,1,0,0
BRDA:21,1,1,1
BRF:4
BRH:2
end_of_record
TN:
SF:src\config\blacklist.js
FN:4,addToBlacklist
FN:13,cleanBlacklist
FN:19,isBlacklisted
FNF:3
FNH:0
FNDA:0,addToBlacklist
FNDA:0,cleanBlacklist
FNDA:0,isBlacklisted
DA:5,0
DA:6,0
DA:14,0
DA:15,0
DA:20,0
DA:21,0
DA:24,0
LF:7
LH:0
BRF:0
BRH:0
end_of_record
TN:
SF:src\config\constants.js
FNF:0
FNH:0
DA:2,2
DA:4,2
DA:6,2
DA:12,2
LF:4
LH:4
BRDA:9,0,0,0
BRDA:9,0,1,2
BRF:2
BRH:1
end_of_record
TN:
SF:src\config\database.js
FN:10,(anonymous_0)
FN:115,all
FN:116,(anonymous_2)
FN:117,(anonymous_3)
FN:124,run
FN:125,(anonymous_5)
FN:126,(anonymous_6)
FNF:7
FNH:1
FNDA:2,(anonymous_0)
FNDA:0,all
FNDA:0,(anonymous_2)
FNDA:0,(anonymous_3)
FNDA:0,run
FNDA:0,(anonymous_5)
FNDA:0,(anonymous_6)
DA:4,2
DA:7,2
DA:10,2
DA:12,2
DA:13,2
DA:14,2
DA:15,2
DA:16,2
DA:17,2
DA:20,2
DA:33,2
DA:44,2
DA:56,2
DA:65,2
DA:72,2
DA:77,2
DA:86,2
DA:87,2
DA:89,1
DA:95,1
DA:101,1
DA:107,1
DA:116,0
DA:117,0
DA:118,0
DA:119,0
DA:125,0
DA:126,0
DA:127,0
DA:128,0
LF:30
LH:22
BRDA:115,0,0,0
BRDA:118,1,0,0
BRDA:118,1,1,0
BRDA:124,2,0,0
BRDA:127,3,0,0
BRDA:127,3,1,0
BRF:6
BRH:0
end_of_record
TN:
SF:src\config\swagger.js
FNF:0
FNH:0
DA:3,1
DA:25,1
LF:2
LH:2
BRF:0
BRH:0
end_of_record
TN:
SF:src\controllers\authController.js
FN:35,(anonymous_0)
FN:41,(anonymous_1)
FN:82,(anonymous_2)
FN:119,(anonymous_3)
FN:159,(anonymous_4)
FN:194,(anonymous_5)
FN:226,(anonymous_6)
FNF:7
FNH:2
FNDA:1,(anonymous_0)
FNDA:7,(anonymous_1)
FNDA:0,(anonymous_2)
FNDA:0,(anonymous_3)
FNDA:0,(anonymous_4)
FNDA:0,(anonymous_5)
FNDA:0,(anonymous_6)
DA:32,2
DA:33,2
DA:35,2
DA:36,1
DA:37,1
DA:41,2
DA:42,7
DA:43,7
DA:44,2
DA:46,5
DA:47,5
DA:48,4
DA:49,1
DA:52,3
DA:53,1
DA:59,2
DA:60,2
DA:61,1
DA:64,1
DA:65,1
DA:66,1
DA:68,1
DA:69,1
DA:71,1
DA:77,1
DA:82,2
DA:83,0
DA:84,0
DA:85,0
DA:87,0
DA:88,0
DA:89,0
DA:90,0
DA:94,0
DA:96,0
DA:97,0
DA:98,0
DA:100,0
DA:101,0
DA:103,0
DA:113,0
DA:114,0
DA:119,2
DA:120,0
DA:121,0
DA:123,0
DA:124,0
DA:130,0
DA:131,0
DA:133,0
DA:140,0
DA:141,0
DA:142,0
DA:147,0
DA:154,0
DA:155,0
DA:159,2
DA:160,0
DA:161,0
DA:162,0
DA:163,0
DA:164,0
DA:169,0
DA:170,0
DA:174,0
DA:177,0
DA:178,0
DA:179,0
DA:181,0
DA:182,0
DA:184,0
DA:189,0
DA:194,2
DA:195,0
DA:196,0
DA:197,0
DA:202,0
DA:205,0
DA:206,0
DA:207,0
DA:209,0
DA:210,0
DA:211,0
DA:216,0
DA:218,0
DA:219,0
DA:226,2
DA:227,0
DA:228,0
DA:230,0
DA:232,0
DA:233,0
DA:246,0
DA:247,0
DA:248,0
DA:251,0
DA:252,0
DA:253,0
DA:259,0
DA:260,0
DA:266,0
DA:268,0
DA:269,0
DA:273,0
DA:274,0
LF:105
LH:30
BRDA:35,0,0,0
BRDA:43,1,0,2
BRDA:43,1,1,5
BRDA:43,2,0,7
BRDA:43,2,1,6
BRDA:48,3,0,1
BRDA:48,3,1,3
BRDA:52,4,0,1
BRDA:52,4,1,2
BRDA:60,5,0,1
BRDA:60,5,1,1
BRDA:84,6,0,0
BRDA:84,6,1,0
BRDA:89,7,0,0
BRDA:89,7,1,0
BRDA:113,8,0,0
BRDA:113,8,1,0
BRDA:123,9,0,0
BRDA:123,9,1,0
BRDA:135,10,0,0
BRDA:135,10,1,0
BRDA:140,11,0,0
BRDA:140,11,1,0
BRDA:149,12,0,0
BRDA:149,12,1,0
BRDA:163,13,0,0
BRDA:163,13,1,0
BRDA:169,14,0,0
BRDA:169,14,1,0
BRDA:196,15,0,0
BRDA:196,15,1,0
BRDA:210,16,0,0
BRDA:210,16,1,0
BRDA:218,17,0,0
BRDA:218,17,1,0
BRDA:232,18,0,0
BRDA:232,18,1,0
BRDA:252,19,0,0
BRDA:252,19,1,0
BRDA:273,20,0,0
BRDA:273,20,1,0
BRF:41
BRH:10
end_of_record
TN:
SF:src\controllers\infoUsuarioController.js
FN:10,(anonymous_0)
FN:27,obtenerInformacionAdmin
FN:47,(anonymous_2)
FN:56,obtenerInformacionCliente
FN:64,(anonymous_4)
FN:73,(anonymous_5)
FN:104,(anonymous_6)
FN:105,(anonymous_7)
FN:131,(anonymous_8)
FN:190,(anonymous_9)
FN:226,(anonymous_10)
FN:253,(anonymous_11)
FNF:12
FNH:0
FNDA:0,(anonymous_0)
FNDA:0,obtenerInformacionAdmin
FNDA:0,(anonymous_2)
FNDA:0,obtenerInformacionCliente
FNDA:0,(anonymous_4)
FNDA:0,(anonymous_5)
FNDA:0,(anonymous_6)
FNDA:0,(anonymous_7)
FNDA:0,(anonymous_8)
FNDA:0,(anonymous_9)
FNDA:0,(anonymous_10)
FNDA:0,(anonymous_11)
DA:10,1
DA:11,0
DA:12,0
DA:14,0
DA:15,0
DA:17,0
DA:21,0
DA:28,0
DA:29,0
DA:36,0
DA:38,0
DA:39,0
DA:40,0
DA:43,0
DA:45,0
DA:47,0
DA:57,0
DA:62,0
DA:64,0
DA:73,1
DA:74,0
DA:75,0
DA:76,0
DA:78,0
DA:79,0
DA:80,0
DA:84,0
DA:85,0
DA:88,0
DA:89,0
DA:90,0
DA:95,0
DA:96,0
DA:97,0
DA:104,0
DA:105,0
DA:110,0
DA:115,0
DA:125,0
DA:126,0
DA:131,1
DA:132,0
DA:133,0
DA:135,0
DA:136,0
DA:140,0
DA:141,0
DA:147,0
DA:151,0
DA:154,0
DA:159,0
DA:160,0
DA:166,0
DA:167,0
DA:168,0
DA:174,0
DA:179,0
DA:185,0
DA:190,1
DA:191,0
DA:192,0
DA:194,0
DA:195,0
DA:196,0
DA:197,0
DA:198,0
DA:201,0
DA:202,0
DA:206,0
DA:211,0
DA:212,0
DA:217,0
DA:219,0
DA:221,0
DA:226,1
DA:227,0
DA:228,0
DA:229,0
DA:234,0
DA:236,0
DA:237,0
DA:242,0
DA:244,0
DA:253,1
DA:254,0
DA:255,0
DA:256,0
DA:261,0
DA:262,0
DA:263,0
DA:268,0
DA:269,0
DA:271,0
DA:272,0
DA:273,0
DA:274,0
DA:275,0
DA:279,0
DA:283,0
DA:289,0
LF:100
LH:6
BRDA:14,0,0,0
BRDA:14,0,1,0
BRDA:15,1,0,0
BRDA:15,1,1,0
BRDA:38,2,0,0
BRDA:38,2,1,0
BRDA:76,3,0,0
BRDA:76,3,1,0
BRDA:79,4,0,0
BRDA:79,4,1,0
BRDA:84,5,0,0
BRDA:84,5,1,0
BRDA:89,6,0,0
BRDA:89,6,1,0
BRDA:96,7,0,0
BRDA:96,7,1,0
BRDA:135,8,0,0
BRDA:135,8,1,0
BRDA:140,9,0,0
BRDA:140,9,1,0
BRDA:140,10,0,0
BRDA:140,10,1,0
BRDA:147,11,0,0
BRDA:147,11,1,0
BRDA:151,12,0,0
BRDA:151,12,1,0
BRDA:159,13,0,0
BRDA:159,13,1,0
BRDA:167,14,0,0
BRDA:167,14,1,0
BRDA:195,15,0,0
BRDA:195,15,1,0
BRDA:197,16,0,0
BRDA:197,16,1,0
BRDA:201,17,0,0
BRDA:201,17,1,0
BRDA:211,18,0,0
BRDA:211,18,1,0
BRDA:228,19,0,0
BRDA:228,19,1,0
BRDA:236,20,0,0
BRDA:236,20,1,0
BRDA:255,21,0,0
BRDA:255,21,1,0
BRDA:262,22,0,0
BRDA:262,22,1,0
BRDA:273,23,0,0
BRDA:273,23,1,0
BRF:48
BRH:0
end_of_record
TN:
SF:src\controllers\usuarioController.js
FN:13,(anonymous_0)
FN:19,(anonymous_1)
FN:39,(anonymous_2)
FN:108,(anonymous_3)
FN:151,(anonymous_4)
FN:240,(anonymous_5)
FNF:6
FNH:0
FNDA:0,(anonymous_0)
FNDA:0,(anonymous_1)
FNDA:0,(anonymous_2)
FNDA:0,(anonymous_3)
FNDA:0,(anonymous_4)
FNDA:0,(anonymous_5)
DA:13,1
DA:14,0
DA:15,0
DA:19,1
DA:20,0
DA:21,0
DA:22,0
DA:28,0
DA:32,0
DA:34,0
DA:39,1
DA:40,0
DA:41,0
DA:42,0
DA:48,0
DA:50,0
DA:51,0
DA:57,0
DA:58,0
DA:63,0
DA:68,0
DA:69,0
DA:74,0
DA:76,0
DA:81,0
DA:83,0
DA:84,0
DA:85,0
DA:87,0
DA:92,0
DA:94,0
DA:100,0
DA:105,1
DA:106,1
DA:108,1
DA:109,0
DA:110,0
DA:112,0
DA:113,0
DA:118,0
DA:120,0
DA:125,0
DA:126,0
DA:131,0
DA:135,0
DA:139,0
DA:143,0
DA:144,0
DA:151,1
DA:152,0
DA:153,0
DA:154,0
DA:155,0
DA:157,0
DA:158,0
DA:166,0
DA:167,0
DA:169,0
DA:172,0
DA:173,0
DA:180,0
DA:185,0
DA:186,0
DA:192,0
DA:194,0
DA:199,0
DA:200,0
DA:206,0
DA:215,0
DA:216,0
DA:222,0
DA:229,0
DA:235,0
DA:240,1
DA:241,0
DA:242,0
DA:243,0
DA:249,0
DA:251,0
DA:253,0
DA:254,0
DA:259,0
DA:264,0
LF:83
LH:8
BRDA:13,0,0,0
BRDA:21,1,0,0
BRDA:21,1,1,0
BRDA:41,2,0,0
BRDA:41,2,1,0
BRDA:50,3,0,0
BRDA:50,3,1,0
BRDA:50,4,0,0
BRDA:50,4,1,0
BRDA:50,4,2,0
BRDA:57,5,0,0
BRDA:57,5,1,0
BRDA:68,6,0,0
BRDA:68,6,1,0
BRDA:112,7,0,0
BRDA:112,7,1,0
BRDA:125,8,0,0
BRDA:125,8,1,0
BRDA:125,9,0,0
BRDA:125,9,1,0
BRDA:157,10,0,0
BRDA:157,10,1,0
BRDA:166,11,0,0
BRDA:166,11,1,0
BRDA:172,12,0,0
BRDA:172,12,1,0
BRDA:172,13,0,0
BRDA:172,13,1,0
BRDA:185,14,0,0
BRDA:185,14,1,0
BRDA:199,15,0,0
BRDA:199,15,1,0
BRDA:215,16,0,0
BRDA:215,16,1,0
BRDA:215,17,0,0
BRDA:215,17,1,0
BRDA:242,18,0,0
BRDA:242,18,1,0
BRDA:253,19,0,0
BRDA:253,19,1,0
BRF:40
BRH:0
end_of_record
TN:
SF:src\middleware\authMiddleware.js
FN:4,(anonymous_0)
FN:37,(anonymous_1)
FNF:2
FNH:0
FNDA:0,(anonymous_0)
FNDA:0,(anonymous_1)
DA:4,1
DA:5,0
DA:6,0
DA:7,0
DA:10,0
DA:11,0
DA:12,0
DA:15,0
DA:17,0
DA:18,0
DA:19,0
DA:23,0
DA:24,0
DA:25,0
DA:27,0
DA:29,0
DA:33,0
DA:37,1
DA:38,0
DA:39,0
DA:41,0
LF:21
LH:2
BRDA:6,0,0,0
BRDA:6,0,1,0
BRDA:11,1,0,0
BRDA:11,1,1,0
BRDA:18,2,0,0
BRDA:18,2,1,0
BRDA:27,3,0,0
BRDA:27,3,1,0
BRDA:38,4,0,0
BRDA:38,4,1,0
BRF:10
BRH:0
end_of_record
TN:
SF:src\routes\auth.routes.js
FNF:0
FNH:0
DA:11,1
DA:53,1
DA:72,1
DA:94,1
DA:121,1
DA:144,1
DA:178,1
LF:7
LH:7
BRF:0
BRH:0
end_of_record
TN:
SF:src\routes\infoUsuario.routes.js
FNF:0
FNH:0
DA:13,1
DA:66,1
DA:112,1
DA:157,1
DA:192,1
DA:211,1
DA:248,1
LF:7
LH:7
BRF:0
BRH:0
end_of_record
TN:
SF:src\routes\usuario.routes.js
FNF:0
FNH:0
DA:16,1
DA:59,1
DA:97,1
DA:129,1
DA:170,1
DA:198,1
DA:222,1
LF:7
LH:7
BRF:0
BRH:0
end_of_record
TN:
SF:src\utils\authHelpers.js
FN:8,(anonymous_0)
FN:16,(anonymous_1)
FN:26,(anonymous_2)
FN:32,(anonymous_3)
FN:40,(anonymous_4)
FN:49,(anonymous_5)
FNF:6
FNH:0
FNDA:0,(anonymous_0)
FNDA:0,(anonymous_1)
FNDA:0,(anonymous_2)
FNDA:0,(anonymous_3)
FNDA:0,(anonymous_4)
FNDA:0,(anonymous_5)
DA:8,1
DA:9,0
DA:10,0
DA:16,1
DA:17,0
DA:20,0
DA:26,1
DA:27,0
DA:32,1
DA:33,0
DA:40,1
DA:41,0
DA:49,1
DA:50,0
LF:14
LH:6
BRDA:10,0,0,0
BRDA:10,0,1,0
BRDA:20,1,0,0
BRDA:20,1,1,0
BRF:4
BRH:0
end_of_record
TN:
SF:src\utils\datosHelper.js
FN:2,(anonymous_0)
FN:9,(anonymous_1)
FN:21,(anonymous_2)
FN:54,(anonymous_3)
FN:55,(anonymous_4)
FN:57,(anonymous_5)
FNF:6
FNH:0
FNDA:0,(anonymous_0)
FNDA:0,(anonymous_1)
FNDA:0,(anonymous_2)
FNDA:0,(anonymous_3)
FNDA:0,(anonymous_4)
FNDA:0,(anonymous_5)
DA:2,1
DA:3,0
DA:9,1
DA:10,0
DA:11,0
DA:12,0
DA:13,0
DA:15,0
DA:17,0
DA:21,1
DA:22,0
DA:24,0
DA:25,0
DA:26,0
DA:30,0
DA:31,0
DA:36,0
DA:37,0
DA:42,0
DA:45,0
DA:46,0
DA:49,0
DA:50,0
DA:54,1
DA:55,0
DA:57,0
DA:58,0
DA:59,0
DA:61,0
DA:62,0
DA:69,0
LF:31
LH:4
BRDA:13,0,0,0
BRDA:13,0,1,0
BRDA:24,1,0,0
BRDA:24,1,1,0
BRDA:30,2,0,0
BRDA:30,2,1,0
BRDA:36,3,0,0
BRDA:36,3,1,0
BRDA:45,4,0,0
BRDA:45,4,1,0
BRDA:59,5,0,0
BRDA:59,5,1,0
BRDA:63,6,0,0
BRDA:63,6,1,0
BRDA:63,6,2,0
BRDA:63,6,3,0
BRF:16
BRH:0
end_of_record
TN:
SF:src\utils\dbHelpers.js
FN:5,(anonymous_0)
FN:6,(anonymous_1)
FN:7,(anonymous_2)
FN:14,(anonymous_3)
FN:15,(anonymous_4)
FN:16,(anonymous_5)
FN:23,(anonymous_6)
FN:24,(anonymous_7)
FN:25,(anonymous_8)
FNF:9
FNH:0
FNDA:0,(anonymous_0)
FNDA:0,(anonymous_1)
FNDA:0,(anonymous_2)
FNDA:0,(anonymous_3)
FNDA:0,(anonymous_4)
FNDA:0,(anonymous_5)
FNDA:0,(anonymous_6)
FNDA:0,(anonymous_7)
FNDA:0,(anonymous_8)
DA:5,1
DA:6,0
DA:7,0
DA:8,0
DA:9,0
DA:14,1
DA:15,0
DA:16,0
DA:17,0
DA:18,0
DA:23,1
DA:24,0
DA:25,0
DA:26,0
DA:27,0
LF:15
LH:3
BRDA:5,0,0,0
BRDA:8,1,0,0
BRDA:8,1,1,0
BRDA:14,2,0,0
BRDA:17,3,0,0
BRDA:17,3,1,0
BRDA:23,4,0,0
BRDA:26,5,0,0
BRDA:26,5,1,0
BRF:9
BRH:0
end_of_record
TN:
SF:src\utils\email.js
FN:21,(anonymous_0)
FN:69,(anonymous_1)
FN:118,(anonymous_2)
FN:171,(anonymous_3)
FNF:4
FNH:0
FNDA:0,(anonymous_0)
FNDA:0,(anonymous_1)
FNDA:0,(anonymous_2)
FNDA:0,(anonymous_3)
DA:5,2
DA:7,2
DA:8,2
DA:10,2
DA:21,2
DA:22,0
DA:26,0
DA:65,0
DA:69,2
DA:70,0
DA:74,0
DA:113,0
DA:114,0
DA:118,2
DA:119,0
DA:129,0
DA:167,0
DA:171,2
DA:172,0
DA:182,0
DA:220,0
LF:21
LH:8
BRDA:23,0,0,0
BRDA:23,0,1,0
BRDA:71,1,0,0
BRDA:71,1,1,0
BRF:4
BRH:0
end_of_record
TN:
SF:src\utils\password.js
FN:1,(anonymous_0)
FNF:1
FNH:0
FNDA:0,(anonymous_0)
DA:1,2
DA:3,0
DA:4,0
LF:3
LH:1
BRF:0
BRH:0
end_of_record
TN:
SF:src\utils\recovery.js
FN:7,(anonymous_0)
FN:18,(anonymous_1)
FN:28,(anonymous_2)
FN:29,(anonymous_3)
FN:37,(anonymous_4)
FNF:5
FNH:0
FNDA:0,(anonymous_0)
FNDA:0,(anonymous_1)
FNDA:0,(anonymous_2)
FNDA:0,(anonymous_3)
FNDA:0,(anonymous_4)
DA:7,2
DA:8,0
DA:18,2
DA:19,0
DA:25,0
DA:27,0
DA:28,0
DA:29,0
DA:31,0
DA:37,2
DA:38,0
LF:11
LH:3
BRDA:25,0,0,0
BRDA:25,0,1,0
BRF:2
BRH:0
end_of_record
TN:
SF:src\utils\tokens.js
FN:5,(anonymous_0)
FN:10,(anonymous_1)
FN:15,(anonymous_2)
FN:18,(anonymous_3)
FNF:4
FNH:0
FNDA:0,(anonymous_0)
FNDA:0,(anonymous_1)
FNDA:0,(anonymous_2)
FNDA:0,(anonymous_3)
DA:5,1
DA:6,0
DA:10,1
DA:11,0
DA:15,1
DA:16,0
DA:18,1
DA:19,0
LF:8
LH:4
BRF:0
BRH:0
end_of_record
